build/app/outputs/mapping/release/usage.txt
com.example.bmic_alculator.BuildConfig
com.example.bmic_alculator.R
com.example.bmic_alculator.R$id
com.example.bmic_alculator.R$drawable
com.example.bmic_alculator.R$style
com.example.bmic_alculator.R$mipmap
com.example.bmic_alculator.R$color
com.example.bmic_alculator.R$layout
com.example.bmic_alculator.R$styleable
com.example.bmic_alculator.R$string
com.example.bmic_alculator.R$integer
com.example.bmic_alculator.R$dimen
com.example.bmic_alculator.R$attr
...
kotlin.math.MathKt
androidx.core.view.OnApplyWindowInsetsListener
androidx.core.content.pm.PermissionInfoCompat$ProtectionFlags
kotlin.jvm.internal.ArrayCharIterator
androidx.loader.app.LoaderManagerImpl$LoaderInfo
androidx.core.provider.FontsContractCompat$FontRequestCallback$FontRequestFailReason
kotlin.sequences.SequencesKt__SequencesKt$generateSequence$1
androidx.lifecycle.ComputableLiveData$1
androidx.core.util.LogWriter
kotlin.text.SystemProperties
kotlin.internal.LowPriorityInOverloadResolution
kotlin.ExceptionsKt
kotlin.coroutines.CoroutineContext$plus$1
androidx.fragment.app.FragmentManagerImpl$StartEnterTransitionListener
androidx.core.app.NotificationCompat$Builder
androidx.core.net.ConnectivityManagerCompat$RestrictBackgroundStatus
io.flutter.plugin.platform.PlatformPlugin:
    public void <init>(android.app.Activity,io.flutter.embedding.engine.systemchannels.PlatformChannel)
    public static final int DEFAULT_SYSTEM_UI
    private static final java.lang.String TAG
kotlin.collections.AbstractList$ListIteratorImpl
kotlin.time.DurationUnitKt
kotlin.text.MatchResult$DefaultImpls
androidx.core.graphics.TypefaceCompatApi21Impl
androidx.lifecycle.LiveData$1
androidx.versionedparcelable.VersionedParcelize
androidx.fragment.app.FragmentTransitionCompat21$3
kotlin.ranges.ClosedRange
androidx.lifecycle.DefaultLifecycleObserver
kotlin.sequences.TransformingSequence
io.flutter.embedding.engine.loader.ResourceExtractor$ExtractTask
io.flutter.embedding.android.FlutterTextureView:
    private static final java.lang.String TAG
kotlin.properties.ReadWriteProperty
androidx.loader.content.ModernAsyncTask$Status
androidx.core.view.ViewCompat
androidx.lifecycle.ViewModelProvider$NewInstanceFactory
io.flutter.embedding.engine.plugins.shim.ShimPluginRegistry$1
androidx.fragment.app.FragmentManagerImpl$FragmentTag
kotlin.jvm.internal.markers.KMutableIterable
androidx.lifecycle.ViewModelProvider
androidx.core.os.CancellationSignal
androidx.core.app.NotificationCompat$BadgeIconType
org.jetbrains.annotations.NotNull
androidx.loader.app.LoaderManagerImpl
kotlin.text.CharDirectionality$Companion$directionalityMap$2
androidx.loader.app.LoaderManager
kotlin.comparisons.ComparisonsKt__ComparisonsKt$thenByDescending$1
androidx.fragment.app.FragmentTransition$4
androidx.core.provider.SelfDestructiveThread$2
androidx.fragment.app.FragmentState
androidx.loader.R$integer
androidx.core.graphics.TypefaceCompatApi26Impl
androidx.core.view.DragStartHelper$2
android.support.v4.os.IResultReceiver$Stub
kotlin.collections.CollectionsKt__IteratorsKt
androidx.arch.core.util.Function
kotlin.text.RegexOption
android.support.v4.app.INotificationSideChannel$Stub$Proxy
io.flutter.view.FlutterNativeView$1
kotlin.UByteArray$Iterator
kotlin.sequences.SequencesKt___SequencesKt$requireNoNulls$1
kotlin.comparisons.ComparisonsKt__ComparisonsKt$nullsFirst$1
androidx.lifecycle.MediatorLiveData
org.intellij.lang.annotations.JdkConstants$CursorType
kotlin.ULongKt
androidx.annotation.RequiresPermission$Write